[INFO   ] Logger: Record log in /storage/emulated/0/Documents/Timetable/.kivy/logs/kivy_22-12-13_71.txt
[INFO   ] Kivy: v2.0.0
[INFO   ] Kivy: Installed at "/data/user/0/ru.iiec.pydroid3/files/aarch64-linux-android/lib/python3.9/site-packages/kivy/__init__.py"
[INFO   ] Python: v3.9.7 (default, Oct  6 2021, 01:34:26) 
[GCC 11.1.0]
[INFO   ] Python: Interpreter at "/data/user/0/ru.iiec.pydroid3/files/aarch64-linux-android/bin/python3"
[INFO   ] KivyMD: 1.1.1, git-Unknown, 2022-11-23 (installed at "/data/user/0/ru.iiec.pydroid3/files/aarch64-linux-android/lib/python3.9/site-packages/kivymd/__init__.py")
[INFO   ] Factory: 186 symbols loaded
[INFO   ] Image: Providers: img_tex, img_dds, img_sdl2, img_pil (img_ffpyplayer ignored)
[INFO   ] Text: Provider: sdl2
[INFO   ] Window: Provider: sdl2
[INFO   ] GL: Using the "OpenGL ES 2" graphics system
[INFO   ] GL: Backend used <sdl2>
[INFO   ] GL: OpenGL version <b'OpenGL ES 3.2 v1.r26p0-01eac0.455662e55e7c7fb95a4b1db7e7af49a8'>
[INFO   ] GL: OpenGL vendor <b'ARM'>
[INFO   ] GL: OpenGL renderer <b'Mali-G52 MC2'>
[INFO   ] GL: OpenGL parsed version: 3, 2
[INFO   ] GL: Texture max size <16383>
[INFO   ] GL: Texture max units <16>
[INFO   ] Window: auto add sdl2 input provider
[INFO   ] Window: virtual keyboard not allowed, single mode, not docked
[WARNING] Lang: The file /storage/emulated/0/Documents/Timetable/main.kv is loaded multiples times, you might have unwanted behaviors.
[WARNING] stderr: Traceback (most recent call last):
[WARNING] stderr:   File "/data/user/0/ru.iiec.pydroid3/files/aarch64-linux-android/lib/python3.9/site-packages/kivy/lang/builder.py", line 733, in _apply_rule
[WARNING] stderr:     Factory.Widget.parent.dispatch(widget_set.__self__)
[WARNING] stderr:   File "kivy/properties.pyx", line 583, in kivy.properties.Property.dispatch
[WARNING] stderr:   File "kivy/properties.pyx", line 600, in kivy.properties.Property.dispatch
[WARNING] stderr:   File "kivy/_event.pyx", line 1248, in kivy._event.EventObservers.dispatch
[WARNING] stderr:   File "kivy/_event.pyx", line 1130, in kivy._event.EventObservers._dispatch
[WARNING] stderr:   File "/data/user/0/ru.iiec.pydroid3/files/aarch64-linux-android/lib/python3.9/site-packages/kivy/lang/builder.py", line 57, in custom_callback
[WARNING] stderr:     exec(__kvlang__.co_value, idmap)
[WARNING] stderr:   File "/storage/emulated/0/Documents/Timetable/main.kv", line 27, in <module>
[WARNING] stderr:     on_parent: for i in range(10): self.add_widget(Field)
[WARNING] stderr: NameError: name 'Field' is not defined
[WARNING] stderr: 
[WARNING] stderr: During handling of the above exception, another exception occurred:
[WARNING] stderr: 
[WARNING] stderr: Traceback (most recent call last):
[WARNING] stderr:   File "/storage/emulated/0/Documents/Timetable/main.py", line 53, in <module>
[WARNING] stderr:     MainApp().run()
[WARNING] stderr:   File "/data/user/0/ru.iiec.pydroid3/files/aarch64-linux-android/lib/python3.9/site-packages/kivy/app.py", line 949, in run
[WARNING] stderr:     self._run_prepare()
[WARNING] stderr:   File "/data/user/0/ru.iiec.pydroid3/files/aarch64-linux-android/lib/python3.9/site-packages/kivy/app.py", line 919, in _run_prepare
[WARNING] stderr:     root = self.build()
[WARNING] stderr:   File "/storage/emulated/0/Documents/Timetable/main.py", line 51, in build
[WARNING] stderr:     return TableScreen()
[WARNING] stderr:   File "/storage/emulated/0/Documents/Timetable/main.py", line 47, in __init__
[WARNING] stderr:     super().__init__(self, **kwargs)
[WARNING] stderr:   File "/data/user/0/ru.iiec.pydroid3/files/aarch64-linux-android/lib/python3.9/site-packages/kivymd/uix/behaviors/declarative_behavior.py", line 311, in __init__
[WARNING] stderr:     super().__init__(**kwargs)
[WARNING] stderr:   File "/data/user/0/ru.iiec.pydroid3/files/aarch64-linux-android/lib/python3.9/site-packages/kivy/uix/relativelayout.py", line 274, in __init__
[WARNING] stderr:     super(RelativeLayout, self).__init__(**kw)
[WARNING] stderr:   File "/data/user/0/ru.iiec.pydroid3/files/aarch64-linux-android/lib/python3.9/site-packages/kivy/uix/floatlayout.py", line 65, in __init__
[WARNING] stderr:     super(FloatLayout, self).__init__(**kwargs)
[WARNING] stderr:   File "/data/user/0/ru.iiec.pydroid3/files/aarch64-linux-android/lib/python3.9/site-packages/kivy/uix/layout.py", line 76, in __init__
[WARNING] stderr:     super(Layout, self).__init__(**kwargs)
[WARNING] stderr:   File "/data/user/0/ru.iiec.pydroid3/files/aarch64-linux-android/lib/python3.9/site-packages/kivy/uix/widget.py", line 359, in __init__
[WARNING] stderr:     self.apply_class_lang_rules(
[WARNING] stderr:   File "/data/user/0/ru.iiec.pydroid3/files/aarch64-linux-android/lib/python3.9/site-packages/kivy/uix/widget.py", line 463, in apply_class_lang_rules
[WARNING] stderr:     Builder.apply(
[WARNING] stderr:   File "/data/user/0/ru.iiec.pydroid3/files/aarch64-linux-android/lib/python3.9/site-packages/kivy/lang/builder.py", line 541, in apply
[WARNING] stderr:     self._apply_rule(
[WARNING] stderr:   File "/data/user/0/ru.iiec.pydroid3/files/aarch64-linux-android/lib/python3.9/site-packages/kivy/lang/builder.py", line 737, in _apply_rule
[WARNING] stderr:     raise BuilderException(
[WARNING] stderr: kivy.lang.builder.BuilderException: Parser: File "/storage/emulated/0/Documents/Timetable/main.kv", line 27:
[WARNING] stderr: ...
[WARNING] stderr:      25:			id: grid
[WARNING] stderr:      26:			rows: 2
[WARNING] stderr: >>   27:			on_parent: for i in range(10): self.add_widget(Field)
[WARNING] stderr: ...
[WARNING] stderr: NameError: name 'Field' is not defined
[WARNING] stderr:   File "/data/user/0/ru.iiec.pydroid3/files/aarch64-linux-android/lib/python3.9/site-packages/kivy/lang/builder.py", line 733, in _apply_rule
[WARNING] stderr:     Factory.Widget.parent.dispatch(widget_set.__self__)
[WARNING] stderr:   File "kivy/properties.pyx", line 583, in kivy.properties.Property.dispatch
[WARNING] stderr:   File "kivy/properties.pyx", line 600, in kivy.properties.Property.dispatch
[WARNING] stderr:   File "kivy/_event.pyx", line 1248, in kivy._event.EventObservers.dispatch
[WARNING] stderr:   File "kivy/_event.pyx", line 1130, in kivy._event.EventObservers._dispatch
[WARNING] stderr:   File "/data/user/0/ru.iiec.pydroid3/files/aarch64-linux-android/lib/python3.9/site-packages/kivy/lang/builder.py", line 57, in custom_callback
[WARNING] stderr:     exec(__kvlang__.co_value, idmap)
[WARNING] stderr:   File "/storage/emulated/0/Documents/Timetable/main.kv", line 27, in <module>
[WARNING] stderr:     on_parent: for i in range(10): self.add_widget(Field)
[WARNING] stderr: 
